#
# A fatal error has been detected by the Java Runtime Environment:
#
#  Internal Error (javaClasses.cpp:136), pid=6484, tid=14016
#  fatal error: Invalid layout of preloaded class
#
# JRE version:  (7.0_75-b13) (build )
# Java VM: Java HotSpot(TM) Client VM (24.75-b04 mixed mode windows-x86 )
# Failed to write core dump. Minidumps are not enabled by default on client versions of Windows
#
# If you would like to submit a bug report, please visit:
#   http://bugreport.sun.com/bugreport/crash.jsp
#

---------------  T H R E A D  ---------------

Current thread (0x004cc400):  JavaThread "Unknown thread" [_thread_in_vm, id=14016, stack(0x00e60000,0x00eb0000)]

Stack: [0x00e60000,0x00eb0000],  sp=0x00eaf9fc,  free space=318k
Native frames: (J=compiled Java code, j=interpreted, Vv=VM code, C=native code)
V  [jvm.dll+0x191164]
V  [jvm.dll+0x18ad96]
V  [jvm.dll+0x35cb0]
V  [jvm.dll+0x35d36]
V  [jvm.dll+0x4454d]
V  [jvm.dll+0x4480e]
V  [jvm.dll+0x9384a]
V  [jvm.dll+0x93bfb]
V  [jvm.dll+0x140851]
V  [jvm.dll+0x16337c]
V  [jvm.dll+0xca74f]
C  [javaw.exe+0x13ce]
C  [javaw.exe+0x1e40]
C  [javaw.exe+0xa601]
C  [javaw.exe+0xa68b]
C  [kernel32.dll+0x13677]
C  [ntdll.dll+0x39d72]
C  [ntdll.dll+0x39d45]


---------------  P R O C E S S  ---------------

Java Threads: ( => current thread )

Other Threads:

=>0x004cc400 (exited) JavaThread "Unknown thread" [_thread_in_vm, id=14016, stack(0x00e60000,0x00eb0000)]

VM state:not at safepoint (not fully initialized)

VM Mutex/Monitor currently owned by a thread: None

GC Heap History (0 events):
No events

Deoptimization events (0 events):
No events

Internal exceptions (0 events):
No events

Events (10 events):
Event: 0.018 loading class 0x00ba9708 done
Event: 0.018 loading class 0x00ba9178 done
Event: 0.018 loading class 0x00ba9158
Event: 0.018 loading class 0x00bb04e8
Event: 0.018 loading class 0x00bb04e8 done
Event: 0.018 loading class 0x00bb0518
Event: 0.018 loading class 0x00bb0518 done
Event: 0.018 loading class 0x00bb0548
Event: 0.018 loading class 0x00bb0548 done
Event: 0.018 loading class 0x00ba9158 done


Dynamic libraries:
0x00fe0000 - 0x0100f000 	C:\Program Files (x86)\Java\jre7\bin\javaw.exe
0x77e10000 - 0x77f90000 	C:\Windows\SysWOW64\ntdll.dll
0x760b0000 - 0x761b0000 	C:\Windows\syswow64\kernel32.dll
0x759e0000 - 0x75a26000 	C:\Windows\syswow64\KERNELBASE.dll
0x75ec0000 - 0x75f60000 	C:\Windows\syswow64\ADVAPI32.dll
0x764e0000 - 0x7658c000 	C:\Windows\syswow64\msvcrt.dll
0x75b60000 - 0x75b79000 	C:\Windows\SysWOW64\sechost.dll
0x75dd0000 - 0x75ec0000 	C:\Windows\syswow64\RPCRT4.dll
0x75980000 - 0x759e0000 	C:\Windows\syswow64\SspiCli.dll
0x75970000 - 0x7597c000 	C:\Windows\syswow64\CRYPTBASE.dll
0x77370000 - 0x77470000 	C:\Windows\syswow64\USER32.dll
0x75a30000 - 0x75ac0000 	C:\Windows\syswow64\GDI32.dll
0x75cf0000 - 0x75cfa000 	C:\Windows\syswow64\LPK.dll
0x75c50000 - 0x75ced000 	C:\Windows\syswow64\USP10.dll
0x73590000 - 0x7372e000 	C:\Windows\WinSxS\x86_microsoft.windows.common-controls_6595b64144ccf1df_6.0.7600.16385_none_421189da2b7fabfc\COMCTL32.dll
0x76630000 - 0x76687000 	C:\Windows\syswow64\SHLWAPI.dll
0x77310000 - 0x77370000 	C:\Windows\system32\IMM32.DLL
0x75b80000 - 0x75c4c000 	C:\Windows\syswow64\MSCTF.dll
0x6c150000 - 0x6c20f000 	C:\Program Files (x86)\Java\jre7\bin\msvcr100.dll
0x6b780000 - 0x6bb09000 	C:\Program Files (x86)\Java\jre7\bin\client\jvm.dll
0x71a10000 - 0x71a17000 	C:\Windows\system32\WSOCK32.dll
0x76070000 - 0x760a5000 	C:\Windows\syswow64\WS2_32.dll
0x76590000 - 0x76596000 	C:\Windows\syswow64\NSI.dll
0x71d60000 - 0x71d92000 	C:\Windows\system32\WINMM.dll
0x77de0000 - 0x77de5000 	C:\Windows\syswow64\PSAPI.DLL
0x73c70000 - 0x73c7c000 	C:\Program Files (x86)\Java\jre7\bin\verify.dll
0x73c50000 - 0x73c70000 	C:\Program Files (x86)\Java\jre7\bin\java.dll
0x73300000 - 0x73313000 	C:\Program Files (x86)\Java\jre7\bin\zip.dll
0x713e0000 - 0x714cb000 	C:\Windows\system32\dbghelp.dll

VM Arguments:
jvm_args: -Dfile.encoding=UTF-8 -Xbootclasspath:D:\Setup\android-sdks\platforms\android-18\android.jar 
java_command: z.base.CommonAndroid$FONT
Launcher Type: SUN_STANDARD

Environment Variables:
JAVA_HOME=C:\Program Files (x86)\Java\jdk1.6.0
PATH=C:/Program Files (x86)/Java/jre7/bin/client;C:/Program Files (x86)/Java/jre7/bin;C:/Program Files (x86)/Java/jre7/lib/i386;C:\Program Files (x86)\Intel\iCLS Client\;C:\Program Files\Intel\iCLS Client\;C:\Windows\system32;C:\Windows;C:\Windows\System32\Wbem;C:\Windows\System32\WindowsPowerShell\v1.0\;C:\Program Files\Intel\Intel(R) Management Engine Components\DAL;C:\Program Files\Intel\Intel(R) Management Engine Components\IPT;C:\Program Files (x86)\Intel\Intel(R) Management Engine Components\DAL;C:\Program Files (x86)\Intel\Intel(R) Management Engine Components\IPT;C:\Program Files\nodejs\;C:\Users\teemo\android-sdks;C:\Users\teemo\android-sdks\tools;C:\Program Files (x86)\Java\jdk1.6.0\bin;0X1.2B67C0P+699NT_HOME\bin;C:\Program Files (x86)\Java\jdk1.6.0\bin;C:\Users\teemo\apache-ant-1.9.4\bin;C:\Program Files (x86)\GnuWin32\bin;C:\Program Files (x86)\QuickTime\QTSystem\;C:\Program Files\TortoiseSVN\bin;C:\Program Files (x86)\Skype\Phone\;C:\Users\teemo\AppData\Roaming\npm;D:\Setup\eclipse\eclipse - acv;
USERNAME=teemo
OS=Windows_NT
PROCESSOR_IDENTIFIER=Intel64 Family 6 Model 42 Stepping 7, GenuineIntel



---------------  S Y S T E M  ---------------

OS: Windows 7 , 64 bit Build 7600 

CPU:total 4 (4 cores per cpu, 1 threads per core) family 6 model 42 stepping 7, cmov, cx8, fxsr, mmx, sse, sse2, sse3, ssse3, sse4.1, sse4.2, popcnt, aes, tsc, tscinvbit

Memory: 4k page, physical 8266748k(3908908k free), swap 16531600k(10704016k free)

vm_info: Java HotSpot(TM) Client VM (24.75-b04) for windows-x86 JRE (1.7.0_75-b13), built on Dec 18 2014 17:06:46 by "java_re" with unknown MS VC++:1600

time: Fri Mar 27 14:38:26 2015
elapsed time: 0 seconds

