#
# A fatal error has been detected by the Java Runtime Environment:
#
#  Internal Error (javaClasses.cpp:136), pid=10984, tid=6504
#  fatal error: Invalid layout of preloaded class
#
# JRE version:  (7.0_75-b13) (build )
# Java VM: Java HotSpot(TM) Client VM (24.75-b04 mixed mode windows-x86 )
# Failed to write core dump. Minidumps are not enabled by default on client versions of Windows
#
# If you would like to submit a bug report, please visit:
#   http://bugreport.sun.com/bugreport/crash.jsp
#

---------------  T H R E A D  ---------------

Current thread (0x021bc400):  JavaThread "Unknown thread" [_thread_in_vm, id=6504, stack(0x02040000,0x02090000)]

Stack: [0x02040000,0x02090000],  sp=0x0208f40c,  free space=317k
Native frames: (J=compiled Java code, j=interpreted, Vv=VM code, C=native code)
V  [jvm.dll+0x191164]
V  [jvm.dll+0x18ad96]
V  [jvm.dll+0x35cb0]
V  [jvm.dll+0x35d36]
V  [jvm.dll+0x4454d]
V  [jvm.dll+0x4480e]
V  [jvm.dll+0x9384a]
V  [jvm.dll+0x93bfb]
V  [jvm.dll+0x140851]
V  [jvm.dll+0x16337c]
V  [jvm.dll+0xca74f]
C  [javaw.exe+0x13ce]
C  [javaw.exe+0x1e40]
C  [javaw.exe+0xa601]
C  [javaw.exe+0xa68b]
C  [kernel32.dll+0x13677]
C  [ntdll.dll+0x39d72]
C  [ntdll.dll+0x39d45]


---------------  P R O C E S S  ---------------

Java Threads: ( => current thread )

Other Threads:

=>0x021bc400 (exited) JavaThread "Unknown thread" [_thread_in_vm, id=6504, stack(0x02040000,0x02090000)]

VM state:not at safepoint (not fully initialized)

VM Mutex/Monitor currently owned by a thread: None

GC Heap History (0 events):
No events

Deoptimization events (0 events):
No events

Internal exceptions (0 events):
No events

Events (10 events):
Event: 0.014 loading class 0x00789538 done
Event: 0.014 loading class 0x00788fa8 done
Event: 0.014 loading class 0x00788f88
Event: 0.014 loading class 0x007902f0
Event: 0.014 loading class 0x007902f0 done
Event: 0.014 loading class 0x00790320
Event: 0.014 loading class 0x00790320 done
Event: 0.014 loading class 0x00790350
Event: 0.014 loading class 0x00790350 done
Event: 0.014 loading class 0x00788f88 done


Dynamic libraries:
0x00bc0000 - 0x00bef000 	C:\Program Files (x86)\Java\jre7\bin\javaw.exe
0x77a00000 - 0x77b80000 	C:\Windows\SysWOW64\ntdll.dll
0x76290000 - 0x76390000 	C:\Windows\syswow64\kernel32.dll
0x75ab0000 - 0x75af6000 	C:\Windows\syswow64\KERNELBASE.dll
0x76160000 - 0x76200000 	C:\Windows\syswow64\ADVAPI32.dll
0x758e0000 - 0x7598c000 	C:\Windows\syswow64\msvcrt.dll
0x76080000 - 0x76099000 	C:\Windows\SysWOW64\sechost.dll
0x75650000 - 0x75740000 	C:\Windows\syswow64\RPCRT4.dll
0x75570000 - 0x755d0000 	C:\Windows\syswow64\SspiCli.dll
0x75560000 - 0x7556c000 	C:\Windows\syswow64\CRYPTBASE.dll
0x75ce0000 - 0x75de0000 	C:\Windows\syswow64\USER32.dll
0x75fd0000 - 0x76060000 	C:\Windows\syswow64\GDI32.dll
0x75b00000 - 0x75b0a000 	C:\Windows\syswow64\LPK.dll
0x76390000 - 0x7642d000 	C:\Windows\syswow64\USP10.dll
0x72c50000 - 0x72dee000 	C:\Windows\WinSxS\x86_microsoft.windows.common-controls_6595b64144ccf1df_6.0.7600.16385_none_421189da2b7fabfc\COMCTL32.dll
0x75c70000 - 0x75cc7000 	C:\Windows\syswow64\SHLWAPI.dll
0x755d0000 - 0x75630000 	C:\Windows\system32\IMM32.DLL
0x75ba0000 - 0x75c6c000 	C:\Windows\syswow64\MSCTF.dll
0x5c6e0000 - 0x5c79f000 	C:\Program Files (x86)\Java\jre7\bin\msvcr100.dll
0x606a0000 - 0x60a29000 	C:\Program Files (x86)\Java\jre7\bin\client\jvm.dll
0x70ff0000 - 0x70ff7000 	C:\Windows\system32\WSOCK32.dll
0x76840000 - 0x76875000 	C:\Windows\syswow64\WS2_32.dll
0x75630000 - 0x75636000 	C:\Windows\syswow64\NSI.dll
0x713b0000 - 0x713e2000 	C:\Windows\system32\WINMM.dll
0x75cd0000 - 0x75cd5000 	C:\Windows\syswow64\PSAPI.DLL
0x73980000 - 0x7398c000 	C:\Program Files (x86)\Java\jre7\bin\verify.dll
0x73960000 - 0x73980000 	C:\Program Files (x86)\Java\jre7\bin\java.dll
0x738c0000 - 0x738d3000 	C:\Program Files (x86)\Java\jre7\bin\zip.dll
0x70df0000 - 0x70edb000 	C:\Windows\system32\dbghelp.dll

VM Arguments:
jvm_args: -Dfile.encoding=UTF-8 -Xbootclasspath:D:\Setup\android-sdks\platforms\android-14\android.jar 
java_command: z.base.CommonAndroid$FONT
Launcher Type: SUN_STANDARD

Environment Variables:
JAVA_HOME=C:\Program Files (x86)\Java\jdk1.6.0
PATH=C:/Program Files (x86)/Java/jre7/bin/client;C:/Program Files (x86)/Java/jre7/bin;C:/Program Files (x86)/Java/jre7/lib/i386;C:\Program Files (x86)\Intel\iCLS Client\;C:\Program Files\Intel\iCLS Client\;C:\Windows\system32;C:\Windows;C:\Windows\System32\Wbem;C:\Windows\System32\WindowsPowerShell\v1.0\;C:\Program Files\Intel\Intel(R) Management Engine Components\DAL;C:\Program Files\Intel\Intel(R) Management Engine Components\IPT;C:\Program Files (x86)\Intel\Intel(R) Management Engine Components\DAL;C:\Program Files (x86)\Intel\Intel(R) Management Engine Components\IPT;C:\Program Files\nodejs\;C:\Users\teemo\android-sdks;C:\Users\teemo\android-sdks\tools;C:\Program Files (x86)\Java\jdk1.6.0\bin;0X1.4B67C0P+522NT_HOME\bin;C:\Program Files (x86)\Java\jdk1.6.0\bin;C:\Users\teemo\apache-ant-1.9.4\bin;C:\Program Files (x86)\GnuWin32\bin;C:\Program Files (x86)\QuickTime\QTSystem\;C:\Program Files\TortoiseSVN\bin;C:\Program Files (x86)\Skype\Phone\;C:\Users\teemo\AppData\Roaming\npm;D:\Setup\eclipse\eclipse - acv;
USERNAME=teemo
OS=Windows_NT
PROCESSOR_IDENTIFIER=Intel64 Family 6 Model 42 Stepping 7, GenuineIntel



---------------  S Y S T E M  ---------------

OS: Windows 7 , 64 bit Build 7600 

CPU:total 4 (4 cores per cpu, 1 threads per core) family 6 model 42 stepping 7, cmov, cx8, fxsr, mmx, sse, sse2, sse3, ssse3, sse4.1, sse4.2, popcnt, aes, tsc, tscinvbit

Memory: 4k page, physical 8266748k(1323892k free), swap 16531600k(8486236k free)

vm_info: Java HotSpot(TM) Client VM (24.75-b04) for windows-x86 JRE (1.7.0_75-b13), built on Dec 18 2014 17:06:46 by "java_re" with unknown MS VC++:1600

time: Fri Mar 20 10:26:36 2015
elapsed time: 0 seconds

